<?xml version="1.0" encoding="UTF-8"?>
<!-- Generated by org.testng.reporters.JUnitReportReporter -->
<testsuite skipped="0" hostname="Dhanlaxmi" name="com.test.testNG.HomePage" tests="1" failures="0" timestamp="13 Mar 2022 03:07:51 GMT" time="0.005" errors="0">
  <testcase name="TC1" time="0.005" classname="com.test.testNG.HomePage"/>
</testsuite> <!-- com.test.testNG.HomePage -->
